<?xml version="1.0" encoding="UTF-8"?>
<testsuite xmlns:xsi="http://www.w3.org/2001/XMLSchema-instance" xsi:noNamespaceSchemaLocation="https://maven.apache.org/surefire/maven-surefire-plugin/xsd/surefire-test-report.xsd" name="org.java.strumenti.test.CalculatorTest" time="0.053" tests="4" errors="0" skipped="0" failures="0">
  <properties>
[...]
</properties>
  <testcase name="divideTest" classname="org.java.strumenti.test.CalculatorTest" time="0.026"/>
  <testcase name="addTest" classname="org.java.strumenti.test.CalculatorTest" time="0"/>
  <testcase name="multiplyTest" classname="org.java.strumenti.test.CalculatorTest" time="0"/>
  <testcase name="subtractTest" classname="org.java.strumenti.test.CalculatorTest" time="0.001"/>
</testsuite>